<?xml version="1.0" encoding="UTF-8"?>
<!-- Generated by org.testng.reporters.JUnitXMLReporter -->
<testsuite ignored="0" hostname="DESKTOP-LEO0I3M" failures="0" tests="4" name="Test" time="73.078" errors="0" timestamp="2021-11-29T20:45:46 EET">
  <testcase classname="testCases.TC_003_LoginDDT" name="test_LoginDDT" time="22.295"/>
  <testcase classname="testCases.TC_003_LoginDDT" name="test_LoginDDT" time="13.539"/>
  <testcase classname="testCases.TC_003_LoginDDT" name="test_LoginDDT" time="15.077"/>
  <testcase classname="testCases.TC_003_LoginDDT" name="test_LoginDDT" time="13.731"/>
</testsuite> <!-- Test -->
