<?xml version="1.0" encoding="UTF-8"?>
<testng-results ignored="0" total="3" passed="3" failed="0" skipped="0">
  <reporter-output>
  </reporter-output>
  <suite started-at="2021-12-02T18:15:36 EET" name="Suite" finished-at="2021-12-02T18:15:57 EET" duration-ms="20458">
    <groups>
    </groups>
    <test started-at="2021-12-02T18:15:36 EET" name="edgetest" finished-at="2021-12-02T18:15:54 EET" duration-ms="17820">
      <class name="testCases.TC_001_AccountRegistration">
        <test-method is-config="true" signature="setup(java.lang.String)[pri:0, instance:testCases.TC_001_AccountRegistration@c33b74f]" started-at="2021-12-02T18:15:36 EET" name="setup" finished-at="2021-12-02T18:15:43 EET" duration-ms="6596" status="PASS">
          <params>
            <param index="0">
              <value>
                <![CDATA[edge]]>
              </value>
            </param>
          </params>
          <reporter-output>
          </reporter-output>
        </test-method> <!-- setup -->
        <test-method signature="test_account_Registration()[pri:0, instance:testCases.TC_001_AccountRegistration@c33b74f]" started-at="2021-12-02T18:15:43 EET" name="test_account_Registration" finished-at="2021-12-02T18:15:53 EET" duration-ms="10572" status="PASS">
          <reporter-output>
          </reporter-output>
        </test-method> <!-- test_account_Registration -->
        <test-method is-config="true" signature="tearDown()[pri:0, instance:testCases.TC_001_AccountRegistration@c33b74f]" started-at="2021-12-02T18:15:53 EET" name="tearDown" finished-at="2021-12-02T18:15:54 EET" duration-ms="492" status="PASS">
          <reporter-output>
          </reporter-output>
        </test-method> <!-- tearDown -->
      </class> <!-- testCases.TC_001_AccountRegistration -->
    </test> <!-- edgetest -->
    <test started-at="2021-12-02T18:15:36 EET" name="chrometest" finished-at="2021-12-02T18:15:54 EET" duration-ms="18021">
      <class name="testCases.TC_001_AccountRegistration">
        <test-method is-config="true" signature="setup(java.lang.String)[pri:0, instance:testCases.TC_001_AccountRegistration@e056f20]" started-at="2021-12-02T18:15:36 EET" name="setup" finished-at="2021-12-02T18:15:41 EET" duration-ms="4817" status="PASS">
          <params>
            <param index="0">
              <value>
                <![CDATA[chrome]]>
              </value>
            </param>
          </params>
          <reporter-output>
          </reporter-output>
        </test-method> <!-- setup -->
        <test-method signature="test_account_Registration()[pri:0, instance:testCases.TC_001_AccountRegistration@e056f20]" started-at="2021-12-02T18:15:41 EET" name="test_account_Registration" finished-at="2021-12-02T18:15:52 EET" duration-ms="11065" status="PASS">
          <reporter-output>
          </reporter-output>
        </test-method> <!-- test_account_Registration -->
        <test-method is-config="true" signature="tearDown()[pri:0, instance:testCases.TC_001_AccountRegistration@e056f20]" started-at="2021-12-02T18:15:52 EET" name="tearDown" finished-at="2021-12-02T18:15:54 EET" duration-ms="1653" status="PASS">
          <reporter-output>
          </reporter-output>
        </test-method> <!-- tearDown -->
      </class> <!-- testCases.TC_001_AccountRegistration -->
    </test> <!-- chrometest -->
    <test started-at="2021-12-02T18:15:36 EET" name="firefoxtesting" finished-at="2021-12-02T18:15:57 EET" duration-ms="20458">
      <class name="testCases.TC_001_AccountRegistration">
        <test-method is-config="true" signature="setup(java.lang.String)[pri:0, instance:testCases.TC_001_AccountRegistration@647e447]" started-at="2021-12-02T18:15:36 EET" name="setup" finished-at="2021-12-02T18:15:49 EET" duration-ms="12656" status="PASS">
          <params>
            <param index="0">
              <value>
                <![CDATA[firefox]]>
              </value>
            </param>
          </params>
          <reporter-output>
          </reporter-output>
        </test-method> <!-- setup -->
        <test-method signature="test_account_Registration()[pri:0, instance:testCases.TC_001_AccountRegistration@647e447]" started-at="2021-12-02T18:15:49 EET" name="test_account_Registration" finished-at="2021-12-02T18:15:55 EET" duration-ms="5835" status="PASS">
          <reporter-output>
          </reporter-output>
        </test-method> <!-- test_account_Registration -->
        <test-method is-config="true" signature="tearDown()[pri:0, instance:testCases.TC_001_AccountRegistration@647e447]" started-at="2021-12-02T18:15:55 EET" name="tearDown" finished-at="2021-12-02T18:15:57 EET" duration-ms="1540" status="PASS">
          <reporter-output>
          </reporter-output>
        </test-method> <!-- tearDown -->
      </class> <!-- testCases.TC_001_AccountRegistration -->
    </test> <!-- firefoxtesting -->
  </suite> <!-- Suite -->
</testng-results>
