<?xml version="1.0" encoding="UTF-8"?>
<testng-results ignored="0" total="1" passed="1" failed="0" skipped="0">
  <reporter-output>
  </reporter-output>
  <suite started-at="2021-12-06T00:19:09 EET" name="Suite" finished-at="2021-12-06T00:19:40 EET" duration-ms="31153">
    <groups>
    </groups>
    <test started-at="2021-12-06T00:19:09 EET" name="Test" finished-at="2021-12-06T00:19:40 EET" duration-ms="31153">
      <class name="testCases.TC_006_CompareProduct">
        <test-method is-config="true" signature="setup(java.lang.String)[pri:0, instance:testCases.TC_006_CompareProduct@1ffaf86]" started-at="2021-12-06T00:19:09 EET" name="setup" finished-at="2021-12-06T00:19:13 EET" duration-ms="4423" status="PASS">
          <params>
            <param index="0">
              <value>
                <![CDATA[chrome]]>
              </value>
            </param>
          </params>
          <reporter-output>
          </reporter-output>
        </test-method> <!-- setup -->
        <test-method signature="test_Product_compare()[pri:0, instance:testCases.TC_006_CompareProduct@1ffaf86]" started-at="2021-12-06T00:19:13 EET" name="test_Product_compare" finished-at="2021-12-06T00:19:40 EET" duration-ms="26157" status="PASS">
          <reporter-output>
          </reporter-output>
        </test-method> <!-- test_Product_compare -->
        <test-method is-config="true" signature="tearDown()[pri:0, instance:testCases.TC_006_CompareProduct@1ffaf86]" started-at="2021-12-06T00:19:40 EET" name="tearDown" finished-at="2021-12-06T00:19:40 EET" duration-ms="138" status="PASS">
          <reporter-output>
          </reporter-output>
        </test-method> <!-- tearDown -->
      </class> <!-- testCases.TC_006_CompareProduct -->
    </test> <!-- Test -->
  </suite> <!-- Suite -->
</testng-results>
